# JRE version: OpenJDK Runtime Environment Temurin-17.0.14+7 (17.0.14+7) (build 17.0.14+7)
# Java VM: OpenJDK 64-Bit Server VM Temurin-17.0.14+7 (17.0.14+7, mixed mode, sharing, tiered, compressed oops, compressed class ptrs, g1 gc, windows-amd64)
GC Precious Log:
 CPUs: 12 total, 12 available
 Memory: 16105M
 Large Page Support: Disabled
 NUMA Support: Disabled
 Compressed Oops: Enabled (Zero based)
 Heap Region Size: 2M
 Heap Min Capacity: 8M
 Heap Initial Capacity: 252M
 Heap Max Capacity: 4028M
 Pre-touch: Disabled
 Parallel Workers: 10
 Concurrent Workers: 3
 Concurrent Refinement Workers: 10
 Periodic GC: Disabled
Heap:
 garbage-first heap   total 829440K, used 501577K [0x0000000704400000, 0x0000000800000000)
  region size 2048K, 7 young (14336K), 7 survivors (14336K)
 Metaspace       used 111514K, committed 113344K, reserved 1179648K
  class space    used 16326K, committed 17152K, reserved 1048576K
GC Heap History (20 events):
Event: 35.043 GC heap after
{Heap after GC invocations=29 (full 0):
 garbage-first heap   total 669696K, used 285549K [0x0000000704400000, 0x0000000800000000)
  region size 2048K, 9 young (18432K), 9 survivors (18432K)
 Metaspace       used 98958K, committed 100608K, reserved 1179648K
  class space    used 14392K, committed 15168K, reserved 1048576K
}
Event: 38.457 GC heap before
{Heap before GC invocations=30 (full 0):
 garbage-first heap   total 669696K, used 539501K [0x0000000704400000, 0x0000000800000000)
  region size 2048K, 133 young (272384K), 9 survivors (18432K)
 Metaspace       used 103473K, committed 105152K, reserved 1179648K
  class space    used 15252K, committed 16000K, reserved 1048576K
}
Event: 38.469 GC heap after
{Heap after GC invocations=31 (full 0):
 garbage-first heap   total 669696K, used 292923K [0x0000000704400000, 0x0000000800000000)
  region size 2048K, 13 young (26624K), 13 survivors (26624K)
 Metaspace       used 103473K, committed 105152K, reserved 1179648K
  class space    used 15252K, committed 16000K, reserved 1048576K
}
Event: 38.472 GC heap before
{Heap before GC invocations=31 (full 0):
 garbage-first heap   total 669696K, used 297019K [0x0000000704400000, 0x0000000800000000)
  region size 2048K, 16 young (32768K), 13 survivors (26624K)
 Metaspace       used 103477K, committed 105152K, reserved 1179648K
  class space    used 15252K, committed 16000K, reserved 1048576K
}
Event: 38.481 GC heap after
{Heap after GC invocations=32 (full 0):
 garbage-first heap   total 669696K, used 295141K [0x0000000704400000, 0x0000000800000000)
  region size 2048K, 2 young (4096K), 2 survivors (4096K)
 Metaspace       used 103477K, committed 105152K, reserved 1179648K
  class space    used 15252K, committed 16000K, reserved 1048576K
}
Event: 38.775 GC heap before
{Heap before GC invocations=32 (full 0):
 garbage-first heap   total 669696K, used 547045K [0x0000000704400000, 0x0000000800000000)
  region size 2048K, 125 young (256000K), 2 survivors (4096K)
 Metaspace       used 104550K, committed 106304K, reserved 1179648K
  class space    used 15410K, committed 16192K, reserved 1048576K
}
Event: 38.782 GC heap after
{Heap after GC invocations=33 (full 0):
 garbage-first heap   total 669696K, used 308915K [0x0000000704400000, 0x0000000800000000)
  region size 2048K, 9 young (18432K), 9 survivors (18432K)
 Metaspace       used 104550K, committed 106304K, reserved 1179648K
  class space    used 15410K, committed 16192K, reserved 1048576K
}
Event: 44.953 GC heap before
{Heap before GC invocations=33 (full 0):
 garbage-first heap   total 669696K, used 550579K [0x0000000704400000, 0x0000000800000000)
  region size 2048K, 127 young (260096K), 9 survivors (18432K)
 Metaspace       used 105770K, committed 107520K, reserved 1179648K
  class space    used 15592K, committed 16384K, reserved 1048576K
}
Event: 44.965 GC heap after
{Heap after GC invocations=34 (full 0):
 garbage-first heap   total 669696K, used 320596K [0x0000000704400000, 0x0000000800000000)
  region size 2048K, 6 young (12288K), 6 survivors (12288K)
 Metaspace       used 105770K, committed 107520K, reserved 1179648K
  class space    used 15592K, committed 16384K, reserved 1048576K
}
Event: 47.320 GC heap before
{Heap before GC invocations=34 (full 0):
 garbage-first heap   total 669696K, used 556116K [0x0000000704400000, 0x0000000800000000)
  region size 2048K, 121 young (247808K), 6 survivors (12288K)
 Metaspace       used 110260K, committed 112000K, reserved 1179648K
  class space    used 16162K, committed 16960K, reserved 1048576K
}
Event: 47.334 GC heap after
{Heap after GC invocations=35 (full 0):
 garbage-first heap   total 669696K, used 337303K [0x0000000704400000, 0x0000000800000000)
  region size 2048K, 14 young (28672K), 14 survivors (28672K)
 Metaspace       used 110260K, committed 112000K, reserved 1179648K
  class space    used 16162K, committed 16960K, reserved 1048576K
}
Event: 48.184 GC heap before
{Heap before GC invocations=36 (full 0):
 garbage-first heap   total 669696K, used 554391K [0x0000000704400000, 0x0000000800000000)
  region size 2048K, 120 young (245760K), 14 survivors (28672K)
 Metaspace       used 110924K, committed 112768K, reserved 1179648K
  class space    used 16256K, committed 17088K, reserved 1048576K
}
Event: 48.197 GC heap after
{Heap after GC invocations=37 (full 0):
 garbage-first heap   total 669696K, used 340335K [0x0000000704400000, 0x0000000800000000)
  region size 2048K, 4 young (8192K), 4 survivors (8192K)
 Metaspace       used 110924K, committed 112768K, reserved 1179648K
  class space    used 16256K, committed 17088K, reserved 1048576K
}
Event: 48.255 GC heap before
{Heap before GC invocations=37 (full 0):
 garbage-first heap   total 669696K, used 364911K [0x0000000704400000, 0x0000000800000000)
  region size 2048K, 16 young (32768K), 4 survivors (8192K)
 Metaspace       used 110924K, committed 112768K, reserved 1179648K
  class space    used 16256K, committed 17088K, reserved 1048576K
}
Event: 48.258 GC heap after
{Heap after GC invocations=38 (full 0):
 garbage-first heap   total 669696K, used 335839K [0x0000000704400000, 0x0000000800000000)
  region size 2048K, 1 young (2048K), 1 survivors (2048K)
 Metaspace       used 110924K, committed 112768K, reserved 1179648K
  class space    used 16256K, committed 17088K, reserved 1048576K
}
Event: 48.808 GC heap before
{Heap before GC invocations=38 (full 0):
 garbage-first heap   total 669696K, used 559071K [0x0000000704400000, 0x0000000800000000)
  region size 2048K, 110 young (225280K), 1 survivors (2048K)
 Metaspace       used 111554K, committed 113344K, reserved 1179648K
  class space    used 16339K, committed 17152K, reserved 1048576K
}
Event: 48.839 GC heap after
{Heap after GC invocations=39 (full 0):
 garbage-first heap   total 669696K, used 390610K [0x0000000704400000, 0x0000000800000000)
  region size 2048K, 14 young (28672K), 14 survivors (28672K)
 Metaspace       used 111554K, committed 113344K, reserved 1179648K
  class space    used 16339K, committed 17152K, reserved 1048576K
}
Event: 48.988 GC heap before
{Heap before GC invocations=39 (full 0):
 garbage-first heap   total 669696K, used 527826K [0x0000000704400000, 0x0000000800000000)
  region size 2048K, 81 young (165888K), 14 survivors (28672K)
 Metaspace       used 111554K, committed 113344K, reserved 1179648K
  class space    used 16339K, committed 17152K, reserved 1048576K
}
Event: 49.035 GC heap after
{Heap after GC invocations=40 (full 0):
 garbage-first heap   total 669696K, used 455828K [0x0000000704400000, 0x0000000800000000)
  region size 2048K, 11 young (22528K), 11 survivors (22528K)
 Metaspace       used 111554K, committed 113344K, reserved 1179648K
  class space    used 16339K, committed 17152K, reserved 1048576K
}
Event: 49.103 GC heap before
{Heap before GC invocations=40 (full 0):
 garbage-first heap   total 829440K, used 533652K [0x0000000704400000, 0x0000000800000000)
  region size 2048K, 49 young (100352K), 11 survivors (22528K)
 Metaspace       used 111514K, committed 113344K, reserved 1179648K
  class space    used 16326K, committed 17152K, reserved 1048576K
}

