# JRE version: OpenJDK Runtime Environment Temurin-17.0.14+7 (17.0.14+7) (build 17.0.14+7)
# Java VM: OpenJDK 64-Bit Server VM Temurin-17.0.14+7 (17.0.14+7, mixed mode, sharing, tiered, compressed oops, compressed class ptrs, g1 gc, windows-amd64)
GC Precious Log:
 CPUs: 12 total, 12 available
 Memory: 16105M
 Large Page Support: Disabled
 NUMA Support: Disabled
 Compressed Oops: Enabled (Zero based)
 Heap Region Size: 2M
 Heap Min Capacity: 8M
 Heap Initial Capacity: 252M
 Heap Max Capacity: 4028M
 Pre-touch: Disabled
 Parallel Workers: 10
 Concurrent Workers: 3
 Concurrent Refinement Workers: 10
 Periodic GC: Disabled
Heap:
 garbage-first heap   total 937984K, used 664544K [0x0000000704400000, 0x0000000800000000)
  region size 2048K, 4 young (8192K), 4 survivors (8192K)
 Metaspace       used 108810K, committed 110592K, reserved 1179648K
  class space    used 15982K, committed 16768K, reserved 1048576K
GC Heap History (20 events):
Event: 14.085 GC heap after
{Heap after GC invocations=37 (full 0):
 garbage-first heap   total 901120K, used 221177K [0x0000000704400000, 0x0000000800000000)
  region size 2048K, 3 young (6144K), 3 survivors (6144K)
 Metaspace       used 93880K, committed 95424K, reserved 1179648K
  class space    used 13794K, committed 14464K, reserved 1048576K
}
Event: 16.132 GC heap before
{Heap before GC invocations=38 (full 0):
 garbage-first heap   total 786432K, used 696313K [0x0000000704400000, 0x0000000800000000)
  region size 2048K, 230 young (471040K), 3 survivors (6144K)
 Metaspace       used 95646K, committed 97344K, reserved 1179648K
  class space    used 13970K, committed 14720K, reserved 1048576K
}
Event: 16.162 GC heap after
{Heap after GC invocations=39 (full 0):
 garbage-first heap   total 786432K, used 279192K [0x0000000704400000, 0x0000000800000000)
  region size 2048K, 29 young (59392K), 29 survivors (59392K)
 Metaspace       used 95646K, committed 97344K, reserved 1179648K
  class space    used 13970K, committed 14720K, reserved 1048576K
}
Event: 16.173 GC heap before
{Heap before GC invocations=39 (full 0):
 garbage-first heap   total 786432K, used 281240K [0x0000000704400000, 0x0000000800000000)
  region size 2048K, 30 young (61440K), 29 survivors (59392K)
 Metaspace       used 95735K, committed 97408K, reserved 1179648K
  class space    used 13985K, committed 14720K, reserved 1048576K
}
Event: 16.191 GC heap after
{Heap after GC invocations=40 (full 0):
 garbage-first heap   total 786432K, used 285428K [0x0000000704400000, 0x0000000800000000)
  region size 2048K, 3 young (6144K), 3 survivors (6144K)
 Metaspace       used 95735K, committed 97408K, reserved 1179648K
  class space    used 13985K, committed 14720K, reserved 1048576K
}
Event: 47.361 GC heap before
{Heap before GC invocations=40 (full 0):
 garbage-first heap   total 786432K, used 596724K [0x0000000704400000, 0x0000000800000000)
  region size 2048K, 155 young (317440K), 3 survivors (6144K)
 Metaspace       used 99047K, committed 100672K, reserved 1179648K
  class space    used 14422K, committed 15168K, reserved 1048576K
}
Event: 47.371 GC heap after
{Heap after GC invocations=41 (full 0):
 garbage-first heap   total 786432K, used 294040K [0x0000000704400000, 0x0000000800000000)
  region size 2048K, 8 young (16384K), 8 survivors (16384K)
 Metaspace       used 99047K, committed 100672K, reserved 1179648K
  class space    used 14422K, committed 15168K, reserved 1048576K
}
Event: 48.508 GC heap before
{Heap before GC invocations=41 (full 0):
 garbage-first heap   total 786432K, used 611480K [0x0000000704400000, 0x0000000800000000)
  region size 2048K, 164 young (335872K), 8 survivors (16384K)
 Metaspace       used 103702K, committed 105408K, reserved 1179648K
  class space    used 15289K, committed 16064K, reserved 1048576K
}
Event: 48.520 GC heap after
{Heap after GC invocations=42 (full 0):
 garbage-first heap   total 786432K, used 302590K [0x0000000704400000, 0x0000000800000000)
  region size 2048K, 12 young (24576K), 12 survivors (24576K)
 Metaspace       used 103702K, committed 105408K, reserved 1179648K
  class space    used 15289K, committed 16064K, reserved 1048576K
}
Event: 48.932 GC heap before
{Heap before GC invocations=42 (full 0):
 garbage-first heap   total 786432K, used 626174K [0x0000000704400000, 0x0000000800000000)
  region size 2048K, 171 young (350208K), 12 survivors (24576K)
 Metaspace       used 105323K, committed 106944K, reserved 1179648K
  class space    used 15525K, committed 16256K, reserved 1048576K
}
Event: 48.945 GC heap after
{Heap after GC invocations=43 (full 0):
 garbage-first heap   total 786432K, used 305908K [0x0000000704400000, 0x0000000800000000)
  region size 2048K, 13 young (26624K), 13 survivors (26624K)
 Metaspace       used 105323K, committed 106944K, reserved 1179648K
  class space    used 15525K, committed 16256K, reserved 1048576K
}
Event: 50.587 GC heap before
{Heap before GC invocations=43 (full 0):
 garbage-first heap   total 786432K, used 641780K [0x0000000704400000, 0x0000000800000000)
  region size 2048K, 177 young (362496K), 13 survivors (26624K)
 Metaspace       used 108732K, committed 110464K, reserved 1179648K
  class space    used 15982K, committed 16768K, reserved 1048576K
}
Event: 50.623 GC heap after
{Heap after GC invocations=44 (full 0):
 garbage-first heap   total 786432K, used 357916K [0x0000000704400000, 0x0000000800000000)
  region size 2048K, 23 young (47104K), 23 survivors (47104K)
 Metaspace       used 108732K, committed 110464K, reserved 1179648K
  class space    used 15982K, committed 16768K, reserved 1048576K
}
Event: 50.815 GC heap before
{Heap before GC invocations=44 (full 0):
 garbage-first heap   total 786432K, used 620060K [0x0000000704400000, 0x0000000800000000)
  region size 2048K, 151 young (309248K), 23 survivors (47104K)
 Metaspace       used 108788K, committed 110528K, reserved 1179648K
  class space    used 15982K, committed 16768K, reserved 1048576K
}
Event: 50.907 GC heap after
{Heap after GC invocations=45 (full 0):
 garbage-first heap   total 823296K, used 514016K [0x0000000704400000, 0x0000000800000000)
  region size 2048K, 19 young (38912K), 19 survivors (38912K)
 Metaspace       used 108788K, committed 110528K, reserved 1179648K
  class space    used 15982K, committed 16768K, reserved 1048576K
}
Event: 50.958 GC heap before
{Heap before GC invocations=45 (full 0):
 garbage-first heap   total 823296K, used 628704K [0x0000000704400000, 0x0000000800000000)
  region size 2048K, 75 young (153600K), 19 survivors (38912K)
 Metaspace       used 108790K, committed 110528K, reserved 1179648K
  class space    used 15982K, committed 16768K, reserved 1048576K
}
Event: 51.007 GC heap after
{Heap after GC invocations=46 (full 0):
 garbage-first heap   total 823296K, used 588768K [0x0000000704400000, 0x0000000800000000)
  region size 2048K, 10 young (20480K), 10 survivors (20480K)
 Metaspace       used 108790K, committed 110528K, reserved 1179648K
  class space    used 15982K, committed 16768K, reserved 1048576K
}
Event: 51.042 GC heap before
{Heap before GC invocations=46 (full 0):
 garbage-first heap   total 823296K, used 654304K [0x0000000704400000, 0x0000000800000000)
  region size 2048K, 42 young (86016K), 10 survivors (20480K)
 Metaspace       used 108799K, committed 110528K, reserved 1179648K
  class space    used 15982K, committed 16768K, reserved 1048576K
}
Event: 51.070 GC heap after
{Heap after GC invocations=47 (full 0):
 garbage-first heap   total 823296K, used 634848K [0x0000000704400000, 0x0000000800000000)
  region size 2048K, 6 young (12288K), 6 survivors (12288K)
 Metaspace       used 108799K, committed 110528K, reserved 1179648K
  class space    used 15982K, committed 16768K, reserved 1048576K
}
Event: 51.101 GC heap before
{Heap before GC invocations=47 (full 0):
 garbage-first heap   total 823296K, used 677856K [0x0000000704400000, 0x0000000800000000)
  region size 2048K, 27 young (55296K), 6 survivors (12288K)
 Metaspace       used 108810K, committed 110592K, reserved 1179648K
  class space    used 15982K, committed 16768K, reserved 1048576K
}

