# JRE version: OpenJDK Runtime Environment Temurin-17.0.14+7 (17.0.14+7) (build 17.0.14+7)
# Java VM: OpenJDK 64-Bit Server VM Temurin-17.0.14+7 (17.0.14+7, mixed mode, sharing, tiered, compressed oops, compressed class ptrs, g1 gc, windows-amd64)
GC Precious Log:
 CPUs: 12 total, 12 available
 Memory: 16105M
 Large Page Support: Disabled
 NUMA Support: Disabled
 Compressed Oops: Enabled (Zero based)
 Heap Region Size: 2M
 Heap Min Capacity: 8M
 Heap Initial Capacity: 252M
 Heap Max Capacity: 4028M
 Pre-touch: Disabled
 Parallel Workers: 10
 Concurrent Workers: 3
 Concurrent Refinement Workers: 10
 Periodic GC: Disabled
Heap:
 garbage-first heap   total 931840K, used 528832K [0x0000000704400000, 0x0000000800000000)
  region size 2048K, 129 young (264192K), 16 survivors (32768K)
 Metaspace       used 105107K, committed 106752K, reserved 1179648K
  class space    used 15460K, committed 16192K, reserved 1048576K
GC Heap History (20 events):
Event: 19.605 GC heap before
{Heap before GC invocations=31 (full 0):
 garbage-first heap   total 391168K, used 317670K [0x0000000704400000, 0x0000000800000000)
  region size 2048K, 72 young (147456K), 6 survivors (12288K)
 Metaspace       used 88451K, committed 90048K, reserved 1179648K
  class space    used 12899K, committed 13632K, reserved 1048576K
}
Event: 19.612 GC heap after
{Heap after GC invocations=32 (full 0):
 garbage-first heap   total 391168K, used 181653K [0x0000000704400000, 0x0000000800000000)
  region size 2048K, 2 young (4096K), 2 survivors (4096K)
 Metaspace       used 88451K, committed 90048K, reserved 1179648K
  class space    used 12899K, committed 13632K, reserved 1048576K
}
Event: 20.153 GC heap before
{Heap before GC invocations=32 (full 0):
 garbage-first heap   total 391168K, used 318869K [0x0000000704400000, 0x0000000800000000)
  region size 2048K, 69 young (141312K), 2 survivors (4096K)
 Metaspace       used 91263K, committed 92864K, reserved 1179648K
  class space    used 13406K, committed 14144K, reserved 1048576K
}
Event: 20.165 GC heap after
{Heap after GC invocations=33 (full 0):
 garbage-first heap   total 391168K, used 193983K [0x0000000704400000, 0x0000000800000000)
  region size 2048K, 8 young (16384K), 8 survivors (16384K)
 Metaspace       used 91263K, committed 92864K, reserved 1179648K
  class space    used 13406K, committed 14144K, reserved 1048576K
}
Event: 20.426 GC heap before
{Heap before GC invocations=34 (full 0):
 garbage-first heap   total 407552K, used 316863K [0x0000000704400000, 0x0000000800000000)
  region size 2048K, 69 young (141312K), 8 survivors (16384K)
 Metaspace       used 91893K, committed 93504K, reserved 1179648K
  class space    used 13484K, committed 14208K, reserved 1048576K
}
Event: 20.439 GC heap after
{Heap after GC invocations=35 (full 0):
 garbage-first heap   total 407552K, used 204815K [0x0000000704400000, 0x0000000800000000)
  region size 2048K, 7 young (14336K), 7 survivors (14336K)
 Metaspace       used 91893K, committed 93504K, reserved 1179648K
  class space    used 13484K, committed 14208K, reserved 1048576K
}
Event: 20.445 GC heap before
{Heap before GC invocations=35 (full 0):
 garbage-first heap   total 407552K, used 206863K [0x0000000704400000, 0x0000000800000000)
  region size 2048K, 9 young (18432K), 7 survivors (14336K)
 Metaspace       used 91904K, committed 93504K, reserved 1179648K
  class space    used 13484K, committed 14208K, reserved 1048576K
}
Event: 20.452 GC heap after
{Heap after GC invocations=36 (full 0):
 garbage-first heap   total 407552K, used 205961K [0x0000000704400000, 0x0000000800000000)
  region size 2048K, 2 young (4096K), 2 survivors (4096K)
 Metaspace       used 91904K, committed 93504K, reserved 1179648K
  class space    used 13484K, committed 14208K, reserved 1048576K
}
Event: 20.632 GC heap before
{Heap before GC invocations=36 (full 0):
 garbage-first heap   total 407552K, used 341129K [0x0000000704400000, 0x0000000800000000)
  region size 2048K, 63 young (129024K), 2 survivors (4096K)
 Metaspace       used 92331K, committed 93952K, reserved 1179648K
  class space    used 13534K, committed 14272K, reserved 1048576K
}
Event: 20.636 GC heap after
{Heap after GC invocations=37 (full 0):
 garbage-first heap   total 407552K, used 215167K [0x0000000704400000, 0x0000000800000000)
  region size 2048K, 3 young (6144K), 3 survivors (6144K)
 Metaspace       used 92331K, committed 93952K, reserved 1179648K
  class space    used 13534K, committed 14272K, reserved 1048576K
}
Event: 21.193 GC heap before
{Heap before GC invocations=38 (full 0):
 garbage-first heap   total 417792K, used 338047K [0x0000000704400000, 0x0000000800000000)
  region size 2048K, 63 young (129024K), 3 survivors (6144K)
 Metaspace       used 93800K, committed 95424K, reserved 1179648K
  class space    used 13753K, committed 14464K, reserved 1048576K
}
Event: 21.199 GC heap after
{Heap after GC invocations=39 (full 0):
 garbage-first heap   total 417792K, used 212451K [0x0000000704400000, 0x0000000800000000)
  region size 2048K, 5 young (10240K), 5 survivors (10240K)
 Metaspace       used 93800K, committed 95424K, reserved 1179648K
  class space    used 13753K, committed 14464K, reserved 1048576K
}
Event: 21.217 GC heap before
{Heap before GC invocations=39 (full 0):
 garbage-first heap   total 417792K, used 222691K [0x0000000704400000, 0x0000000800000000)
  region size 2048K, 10 young (20480K), 5 survivors (10240K)
 Metaspace       used 93804K, committed 95424K, reserved 1179648K
  class space    used 13753K, committed 14464K, reserved 1048576K
}
Event: 21.224 GC heap after
{Heap after GC invocations=40 (full 0):
 garbage-first heap   total 931840K, used 212613K [0x0000000704400000, 0x0000000800000000)
  region size 2048K, 1 young (2048K), 1 survivors (2048K)
 Metaspace       used 93804K, committed 95424K, reserved 1179648K
  class space    used 13753K, committed 14464K, reserved 1048576K
}
Event: 23.533 GC heap before
{Heap before GC invocations=40 (full 0):
 garbage-first heap   total 931840K, used 738949K [0x0000000704400000, 0x0000000800000000)
  region size 2048K, 258 young (528384K), 1 survivors (2048K)
 Metaspace       used 94991K, committed 96576K, reserved 1179648K
  class space    used 13882K, committed 14592K, reserved 1048576K
}
Event: 23.564 GC heap after
{Heap after GC invocations=41 (full 0):
 garbage-first heap   total 931840K, used 269441K [0x0000000704400000, 0x0000000800000000)
  region size 2048K, 29 young (59392K), 29 survivors (59392K)
 Metaspace       used 94991K, committed 96576K, reserved 1179648K
  class space    used 13882K, committed 14592K, reserved 1048576K
}
Event: 49.234 GC heap before
{Heap before GC invocations=41 (full 0):
 garbage-first heap   total 931840K, used 638081K [0x0000000704400000, 0x0000000800000000)
  region size 2048K, 204 young (417792K), 29 survivors (59392K)
 Metaspace       used 99093K, committed 100800K, reserved 1179648K
  class space    used 14404K, committed 15168K, reserved 1048576K
}
Event: 49.258 GC heap after
{Heap after GC invocations=42 (full 0):
 garbage-first heap   total 931840K, used 291394K [0x0000000704400000, 0x0000000800000000)
  region size 2048K, 12 young (24576K), 12 survivors (24576K)
 Metaspace       used 99093K, committed 100800K, reserved 1179648K
  class space    used 14404K, committed 15168K, reserved 1048576K
}
Event: 50.283 GC heap before
{Heap before GC invocations=42 (full 0):
 garbage-first heap   total 931840K, used 678466K [0x0000000704400000, 0x0000000800000000)
  region size 2048K, 202 young (413696K), 12 survivors (24576K)
 Metaspace       used 103705K, committed 105344K, reserved 1179648K
  class space    used 15256K, committed 16000K, reserved 1048576K
}
Event: 50.298 GC heap after
{Heap after GC invocations=43 (full 0):
 garbage-first heap   total 931840K, used 299456K [0x0000000704400000, 0x0000000800000000)
  region size 2048K, 16 young (32768K), 16 survivors (32768K)
 Metaspace       used 103705K, committed 105344K, reserved 1179648K
  class space    used 15256K, committed 16000K, reserved 1048576K
}

